04-May-2024 11:47:54.839 INFO [main] org.apache.catalina.startup.VersionLoggerListener.log Server version name:   Apache Tomcat/11.0.0-M19
04-May-2024 11:47:54.841 INFO [main] org.apache.catalina.startup.VersionLoggerListener.log Server built:          Apr 9 2024 12:06:10 UTC
04-May-2024 11:47:54.841 INFO [main] org.apache.catalina.startup.VersionLoggerListener.log Server version number: 11.0.0.0
04-May-2024 11:47:54.842 INFO [main] org.apache.catalina.startup.VersionLoggerListener.log OS Name:               Mac OS X
04-May-2024 11:47:54.842 INFO [main] org.apache.catalina.startup.VersionLoggerListener.log OS Version:            14.3.1
04-May-2024 11:47:54.842 INFO [main] org.apache.catalina.startup.VersionLoggerListener.log Architecture:          aarch64
04-May-2024 11:47:54.842 INFO [main] org.apache.catalina.startup.VersionLoggerListener.log Java Home:             /Library/Java/JavaVirtualMachines/jdk-17.jdk/Contents/Home
04-May-2024 11:47:54.842 INFO [main] org.apache.catalina.startup.VersionLoggerListener.log JVM Version:           17.0.7+8-LTS-224
04-May-2024 11:47:54.842 INFO [main] org.apache.catalina.startup.VersionLoggerListener.log JVM Vendor:            Oracle Corporation
04-May-2024 11:47:54.842 INFO [main] org.apache.catalina.startup.VersionLoggerListener.log CATALINA_BASE:         /Users/pnoush/Downloads/apache-tomcat-11.0.0-M19
04-May-2024 11:47:54.842 INFO [main] org.apache.catalina.startup.VersionLoggerListener.log CATALINA_HOME:         /Users/pnoush/Downloads/apache-tomcat-11.0.0-M19
04-May-2024 11:47:54.900 INFO [main] org.apache.catalina.startup.VersionLoggerListener.log Command line argument: -Djava.util.logging.config.file=/Users/pnoush/downloads/apache-tomcat-11.0.0-M19/conf/logging.properties
04-May-2024 11:47:54.900 INFO [main] org.apache.catalina.startup.VersionLoggerListener.log Command line argument: -Djava.util.logging.manager=org.apache.juli.ClassLoaderLogManager
04-May-2024 11:47:54.900 INFO [main] org.apache.catalina.startup.VersionLoggerListener.log Command line argument: -Djdk.tls.ephemeralDHKeySize=2048
04-May-2024 11:47:54.900 INFO [main] org.apache.catalina.startup.VersionLoggerListener.log Command line argument: -Dorg.apache.catalina.security.SecurityListener.UMASK=0027
04-May-2024 11:47:54.900 INFO [main] org.apache.catalina.startup.VersionLoggerListener.log Command line argument: --add-opens=java.base/java.lang=ALL-UNNAMED
04-May-2024 11:47:54.900 INFO [main] org.apache.catalina.startup.VersionLoggerListener.log Command line argument: --add-opens=java.base/java.io=ALL-UNNAMED
04-May-2024 11:47:54.900 INFO [main] org.apache.catalina.startup.VersionLoggerListener.log Command line argument: --add-opens=java.base/java.util=ALL-UNNAMED
04-May-2024 11:47:54.900 INFO [main] org.apache.catalina.startup.VersionLoggerListener.log Command line argument: --add-opens=java.base/java.util.concurrent=ALL-UNNAMED
04-May-2024 11:47:54.900 INFO [main] org.apache.catalina.startup.VersionLoggerListener.log Command line argument: --add-opens=java.rmi/sun.rmi.transport=ALL-UNNAMED
04-May-2024 11:47:54.900 INFO [main] org.apache.catalina.startup.VersionLoggerListener.log Command line argument: --enable-native-access=ALL-UNNAMED
04-May-2024 11:47:54.900 INFO [main] org.apache.catalina.startup.VersionLoggerListener.log Command line argument: -Dcatalina.base=/Users/pnoush/downloads/apache-tomcat-11.0.0-M19
04-May-2024 11:47:54.900 INFO [main] org.apache.catalina.startup.VersionLoggerListener.log Command line argument: -Dcatalina.home=/Users/pnoush/downloads/apache-tomcat-11.0.0-M19
04-May-2024 11:47:54.900 INFO [main] org.apache.catalina.startup.VersionLoggerListener.log Command line argument: -Djava.io.tmpdir=/Users/pnoush/downloads/apache-tomcat-11.0.0-M19/temp
04-May-2024 11:47:54.904 INFO [main] org.apache.catalina.core.AprLifecycleListener.lifecycleEvent The Apache Tomcat Native library which allows using OpenSSL was not found on the java.library.path: [/Users/pnoush/Library/Java/Extensions:/Library/Java/Extensions:/Network/Library/Java/Extensions:/System/Library/Java/Extensions:/usr/lib/java:.]
04-May-2024 11:47:55.006 INFO [main] org.apache.coyote.AbstractProtocol.init Initializing ProtocolHandler ["http-nio-8080"]
04-May-2024 11:47:55.020 INFO [main] org.apache.catalina.startup.Catalina.load Server initialization in [266] milliseconds
04-May-2024 11:47:55.040 INFO [main] org.apache.catalina.core.StandardService.startInternal Starting service [Catalina]
04-May-2024 11:47:55.040 INFO [main] org.apache.catalina.core.StandardEngine.startInternal Starting Servlet engine: [Apache Tomcat/11.0.0-M19]
04-May-2024 11:47:55.043 INFO [main] org.apache.catalina.startup.HostConfig.deployDirectory Deploying web application directory [/Users/pnoush/Downloads/apache-tomcat-11.0.0-M19/webapps/docs]
04-May-2024 11:47:55.155 INFO [main] org.apache.catalina.startup.HostConfig.deployDirectory Deployment of web application directory [/Users/pnoush/Downloads/apache-tomcat-11.0.0-M19/webapps/docs] has finished in [112] ms
04-May-2024 11:47:55.155 INFO [main] org.apache.catalina.startup.HostConfig.deployDirectory Deploying web application directory [/Users/pnoush/Downloads/apache-tomcat-11.0.0-M19/webapps/manager]
04-May-2024 11:47:55.167 INFO [main] org.apache.catalina.startup.HostConfig.deployDirectory Deployment of web application directory [/Users/pnoush/Downloads/apache-tomcat-11.0.0-M19/webapps/manager] has finished in [12] ms
04-May-2024 11:47:55.167 INFO [main] org.apache.catalina.startup.HostConfig.deployDirectory Deploying web application directory [/Users/pnoush/Downloads/apache-tomcat-11.0.0-M19/webapps/examples]
04-May-2024 11:47:55.263 INFO [main] org.apache.catalina.startup.HostConfig.deployDirectory Deployment of web application directory [/Users/pnoush/Downloads/apache-tomcat-11.0.0-M19/webapps/examples] has finished in [96] ms
04-May-2024 11:47:55.263 INFO [main] org.apache.catalina.startup.HostConfig.deployDirectory Deploying web application directory [/Users/pnoush/Downloads/apache-tomcat-11.0.0-M19/webapps/ROOT]
04-May-2024 11:47:55.277 INFO [main] org.apache.catalina.startup.HostConfig.deployDirectory Deployment of web application directory [/Users/pnoush/Downloads/apache-tomcat-11.0.0-M19/webapps/ROOT] has finished in [14] ms
04-May-2024 11:47:55.277 INFO [main] org.apache.catalina.startup.HostConfig.deployDirectory Deploying web application directory [/Users/pnoush/Downloads/apache-tomcat-11.0.0-M19/webapps/host-manager]
04-May-2024 11:47:55.285 INFO [main] org.apache.catalina.startup.HostConfig.deployDirectory Deployment of web application directory [/Users/pnoush/Downloads/apache-tomcat-11.0.0-M19/webapps/host-manager] has finished in [8] ms
04-May-2024 11:47:55.286 INFO [main] org.apache.coyote.AbstractProtocol.start Starting ProtocolHandler ["http-nio-8080"]
04-May-2024 11:47:55.291 INFO [main] org.apache.catalina.startup.Catalina.start Server startup in [270] milliseconds
04-May-2024 11:48:16.859 INFO [main] org.apache.catalina.core.StandardServer.await A valid shutdown command was received via the shutdown port. Stopping the Server instance.
04-May-2024 11:48:16.860 INFO [main] org.apache.coyote.AbstractProtocol.pause Pausing ProtocolHandler ["http-nio-8080"]
04-May-2024 11:48:16.863 INFO [main] org.apache.catalina.core.StandardService.stopInternal Stopping service [Catalina]
04-May-2024 11:48:16.874 INFO [main] org.apache.coyote.AbstractProtocol.stop Stopping ProtocolHandler ["http-nio-8080"]
04-May-2024 11:48:16.889 INFO [main] org.apache.coyote.AbstractProtocol.destroy Destroying ProtocolHandler ["http-nio-8080"]
04-May-2024 12:14:48.039 INFO [main] org.apache.catalina.startup.VersionLoggerListener.log Server version name:   Apache Tomcat/11.0.0-M19
04-May-2024 12:14:48.042 INFO [main] org.apache.catalina.startup.VersionLoggerListener.log Server built:          Apr 9 2024 12:06:10 UTC
04-May-2024 12:14:48.042 INFO [main] org.apache.catalina.startup.VersionLoggerListener.log Server version number: 11.0.0.0
04-May-2024 12:14:48.042 INFO [main] org.apache.catalina.startup.VersionLoggerListener.log OS Name:               Mac OS X
04-May-2024 12:14:48.042 INFO [main] org.apache.catalina.startup.VersionLoggerListener.log OS Version:            14.3.1
04-May-2024 12:14:48.042 INFO [main] org.apache.catalina.startup.VersionLoggerListener.log Architecture:          aarch64
04-May-2024 12:14:48.042 INFO [main] org.apache.catalina.startup.VersionLoggerListener.log Java Home:             /Library/Java/JavaVirtualMachines/jdk-17.jdk/Contents/Home
04-May-2024 12:14:48.042 INFO [main] org.apache.catalina.startup.VersionLoggerListener.log JVM Version:           17.0.7+8-LTS-224
04-May-2024 12:14:48.042 INFO [main] org.apache.catalina.startup.VersionLoggerListener.log JVM Vendor:            Oracle Corporation
04-May-2024 12:14:48.042 INFO [main] org.apache.catalina.startup.VersionLoggerListener.log CATALINA_BASE:         /Users/pnoush/Downloads/my-webapp/apache-tomcat-11.0.0-M19
04-May-2024 12:14:48.042 INFO [main] org.apache.catalina.startup.VersionLoggerListener.log CATALINA_HOME:         /Users/pnoush/Downloads/my-webapp/apache-tomcat-11.0.0-M19
04-May-2024 12:14:48.050 INFO [main] org.apache.catalina.startup.VersionLoggerListener.log Command line argument: -Djava.util.logging.config.file=/Users/pnoush/Downloads/my-webapp/apache-tomcat-11.0.0-M19/conf/logging.properties
04-May-2024 12:14:48.050 INFO [main] org.apache.catalina.startup.VersionLoggerListener.log Command line argument: -Djava.util.logging.manager=org.apache.juli.ClassLoaderLogManager
04-May-2024 12:14:48.050 INFO [main] org.apache.catalina.startup.VersionLoggerListener.log Command line argument: -Djdk.tls.ephemeralDHKeySize=2048
04-May-2024 12:14:48.050 INFO [main] org.apache.catalina.startup.VersionLoggerListener.log Command line argument: -Dorg.apache.catalina.security.SecurityListener.UMASK=0027
04-May-2024 12:14:48.050 INFO [main] org.apache.catalina.startup.VersionLoggerListener.log Command line argument: --add-opens=java.base/java.lang=ALL-UNNAMED
04-May-2024 12:14:48.050 INFO [main] org.apache.catalina.startup.VersionLoggerListener.log Command line argument: --add-opens=java.base/java.io=ALL-UNNAMED
04-May-2024 12:14:48.050 INFO [main] org.apache.catalina.startup.VersionLoggerListener.log Command line argument: --add-opens=java.base/java.util=ALL-UNNAMED
04-May-2024 12:14:48.050 INFO [main] org.apache.catalina.startup.VersionLoggerListener.log Command line argument: --add-opens=java.base/java.util.concurrent=ALL-UNNAMED
04-May-2024 12:14:48.050 INFO [main] org.apache.catalina.startup.VersionLoggerListener.log Command line argument: --add-opens=java.rmi/sun.rmi.transport=ALL-UNNAMED
04-May-2024 12:14:48.050 INFO [main] org.apache.catalina.startup.VersionLoggerListener.log Command line argument: --enable-native-access=ALL-UNNAMED
04-May-2024 12:14:48.051 INFO [main] org.apache.catalina.startup.VersionLoggerListener.log Command line argument: -Dcatalina.base=/Users/pnoush/Downloads/my-webapp/apache-tomcat-11.0.0-M19
04-May-2024 12:14:48.051 INFO [main] org.apache.catalina.startup.VersionLoggerListener.log Command line argument: -Dcatalina.home=/Users/pnoush/Downloads/my-webapp/apache-tomcat-11.0.0-M19
04-May-2024 12:14:48.051 INFO [main] org.apache.catalina.startup.VersionLoggerListener.log Command line argument: -Djava.io.tmpdir=/Users/pnoush/Downloads/my-webapp/apache-tomcat-11.0.0-M19/temp
04-May-2024 12:14:48.057 INFO [main] org.apache.catalina.core.AprLifecycleListener.lifecycleEvent The Apache Tomcat Native library which allows using OpenSSL was not found on the java.library.path: [/Users/pnoush/Library/Java/Extensions:/Library/Java/Extensions:/Network/Library/Java/Extensions:/System/Library/Java/Extensions:/usr/lib/java:.]
04-May-2024 12:14:48.162 INFO [main] org.apache.coyote.AbstractProtocol.init Initializing ProtocolHandler ["http-nio-8080"]
04-May-2024 12:14:48.177 INFO [main] org.apache.catalina.startup.Catalina.load Server initialization in [222] milliseconds
04-May-2024 12:14:48.197 INFO [main] org.apache.catalina.core.StandardService.startInternal Starting service [Catalina]
04-May-2024 12:14:48.197 INFO [main] org.apache.catalina.core.StandardEngine.startInternal Starting Servlet engine: [Apache Tomcat/11.0.0-M19]
04-May-2024 12:14:48.203 INFO [main] org.apache.catalina.startup.HostConfig.deployWAR Deploying web application archive [/Users/pnoush/Downloads/my-webapp/apache-tomcat-11.0.0-M19/webapps/my-webapp.war]
04-May-2024 12:14:48.323 INFO [main] org.apache.catalina.startup.HostConfig.deployWAR Deployment of web application archive [/Users/pnoush/Downloads/my-webapp/apache-tomcat-11.0.0-M19/webapps/my-webapp.war] has finished in [119] ms
04-May-2024 12:14:48.323 INFO [main] org.apache.catalina.startup.HostConfig.deployDirectory Deploying web application directory [/Users/pnoush/Downloads/my-webapp/apache-tomcat-11.0.0-M19/webapps/docs]
04-May-2024 12:14:48.332 INFO [main] org.apache.catalina.startup.HostConfig.deployDirectory Deployment of web application directory [/Users/pnoush/Downloads/my-webapp/apache-tomcat-11.0.0-M19/webapps/docs] has finished in [9] ms
04-May-2024 12:14:48.332 INFO [main] org.apache.catalina.startup.HostConfig.deployDirectory Deploying web application directory [/Users/pnoush/Downloads/my-webapp/apache-tomcat-11.0.0-M19/webapps/manager]
04-May-2024 12:14:48.345 INFO [main] org.apache.catalina.startup.HostConfig.deployDirectory Deployment of web application directory [/Users/pnoush/Downloads/my-webapp/apache-tomcat-11.0.0-M19/webapps/manager] has finished in [13] ms
04-May-2024 12:14:48.345 INFO [main] org.apache.catalina.startup.HostConfig.deployDirectory Deploying web application directory [/Users/pnoush/Downloads/my-webapp/apache-tomcat-11.0.0-M19/webapps/examples]
04-May-2024 12:14:48.450 INFO [main] org.apache.catalina.startup.HostConfig.deployDirectory Deployment of web application directory [/Users/pnoush/Downloads/my-webapp/apache-tomcat-11.0.0-M19/webapps/examples] has finished in [105] ms
04-May-2024 12:14:48.450 INFO [main] org.apache.catalina.startup.HostConfig.deployDirectory Deploying web application directory [/Users/pnoush/Downloads/my-webapp/apache-tomcat-11.0.0-M19/webapps/ROOT]
04-May-2024 12:14:48.456 INFO [main] org.apache.catalina.startup.HostConfig.deployDirectory Deployment of web application directory [/Users/pnoush/Downloads/my-webapp/apache-tomcat-11.0.0-M19/webapps/ROOT] has finished in [6] ms
04-May-2024 12:14:48.456 INFO [main] org.apache.catalina.startup.HostConfig.deployDirectory Deploying web application directory [/Users/pnoush/Downloads/my-webapp/apache-tomcat-11.0.0-M19/webapps/host-manager]
04-May-2024 12:14:48.463 INFO [main] org.apache.catalina.startup.HostConfig.deployDirectory Deployment of web application directory [/Users/pnoush/Downloads/my-webapp/apache-tomcat-11.0.0-M19/webapps/host-manager] has finished in [7] ms
04-May-2024 12:14:48.464 INFO [main] org.apache.coyote.AbstractProtocol.start Starting ProtocolHandler ["http-nio-8080"]
04-May-2024 12:14:48.470 INFO [main] org.apache.catalina.startup.Catalina.start Server startup in [292] milliseconds
04-May-2024 12:16:45.580 INFO [main] org.apache.catalina.core.StandardServer.await A valid shutdown command was received via the shutdown port. Stopping the Server instance.
04-May-2024 12:16:45.583 INFO [main] org.apache.coyote.AbstractProtocol.pause Pausing ProtocolHandler ["http-nio-8080"]
04-May-2024 12:16:45.592 INFO [main] org.apache.catalina.core.StandardService.stopInternal Stopping service [Catalina]
04-May-2024 12:16:45.604 INFO [main] org.apache.coyote.AbstractProtocol.stop Stopping ProtocolHandler ["http-nio-8080"]
04-May-2024 12:16:45.617 INFO [main] org.apache.coyote.AbstractProtocol.destroy Destroying ProtocolHandler ["http-nio-8080"]
04-May-2024 12:16:52.125 INFO [main] org.apache.catalina.startup.VersionLoggerListener.log Server version name:   Apache Tomcat/11.0.0-M19
04-May-2024 12:16:52.127 INFO [main] org.apache.catalina.startup.VersionLoggerListener.log Server built:          Apr 9 2024 12:06:10 UTC
04-May-2024 12:16:52.127 INFO [main] org.apache.catalina.startup.VersionLoggerListener.log Server version number: 11.0.0.0
04-May-2024 12:16:52.127 INFO [main] org.apache.catalina.startup.VersionLoggerListener.log OS Name:               Mac OS X
04-May-2024 12:16:52.127 INFO [main] org.apache.catalina.startup.VersionLoggerListener.log OS Version:            14.3.1
04-May-2024 12:16:52.127 INFO [main] org.apache.catalina.startup.VersionLoggerListener.log Architecture:          aarch64
04-May-2024 12:16:52.127 INFO [main] org.apache.catalina.startup.VersionLoggerListener.log Java Home:             /Library/Java/JavaVirtualMachines/jdk-17.jdk/Contents/Home
04-May-2024 12:16:52.127 INFO [main] org.apache.catalina.startup.VersionLoggerListener.log JVM Version:           17.0.7+8-LTS-224
04-May-2024 12:16:52.127 INFO [main] org.apache.catalina.startup.VersionLoggerListener.log JVM Vendor:            Oracle Corporation
04-May-2024 12:16:52.127 INFO [main] org.apache.catalina.startup.VersionLoggerListener.log CATALINA_BASE:         /Users/pnoush/Downloads/my-webapp/apache-tomcat-11.0.0-M19
04-May-2024 12:16:52.127 INFO [main] org.apache.catalina.startup.VersionLoggerListener.log CATALINA_HOME:         /Users/pnoush/Downloads/my-webapp/apache-tomcat-11.0.0-M19
04-May-2024 12:16:52.135 INFO [main] org.apache.catalina.startup.VersionLoggerListener.log Command line argument: -Djava.util.logging.config.file=/Users/pnoush/Downloads/my-webapp/apache-tomcat-11.0.0-M19/conf/logging.properties
04-May-2024 12:16:52.135 INFO [main] org.apache.catalina.startup.VersionLoggerListener.log Command line argument: -Djava.util.logging.manager=org.apache.juli.ClassLoaderLogManager
04-May-2024 12:16:52.136 INFO [main] org.apache.catalina.startup.VersionLoggerListener.log Command line argument: -Djdk.tls.ephemeralDHKeySize=2048
04-May-2024 12:16:52.136 INFO [main] org.apache.catalina.startup.VersionLoggerListener.log Command line argument: -Dorg.apache.catalina.security.SecurityListener.UMASK=0027
04-May-2024 12:16:52.136 INFO [main] org.apache.catalina.startup.VersionLoggerListener.log Command line argument: --add-opens=java.base/java.lang=ALL-UNNAMED
04-May-2024 12:16:52.136 INFO [main] org.apache.catalina.startup.VersionLoggerListener.log Command line argument: --add-opens=java.base/java.io=ALL-UNNAMED
04-May-2024 12:16:52.136 INFO [main] org.apache.catalina.startup.VersionLoggerListener.log Command line argument: --add-opens=java.base/java.util=ALL-UNNAMED
04-May-2024 12:16:52.136 INFO [main] org.apache.catalina.startup.VersionLoggerListener.log Command line argument: --add-opens=java.base/java.util.concurrent=ALL-UNNAMED
04-May-2024 12:16:52.136 INFO [main] org.apache.catalina.startup.VersionLoggerListener.log Command line argument: --add-opens=java.rmi/sun.rmi.transport=ALL-UNNAMED
04-May-2024 12:16:52.136 INFO [main] org.apache.catalina.startup.VersionLoggerListener.log Command line argument: --enable-native-access=ALL-UNNAMED
04-May-2024 12:16:52.136 INFO [main] org.apache.catalina.startup.VersionLoggerListener.log Command line argument: -Dcatalina.base=/Users/pnoush/Downloads/my-webapp/apache-tomcat-11.0.0-M19
04-May-2024 12:16:52.136 INFO [main] org.apache.catalina.startup.VersionLoggerListener.log Command line argument: -Dcatalina.home=/Users/pnoush/Downloads/my-webapp/apache-tomcat-11.0.0-M19
04-May-2024 12:16:52.136 INFO [main] org.apache.catalina.startup.VersionLoggerListener.log Command line argument: -Djava.io.tmpdir=/Users/pnoush/Downloads/my-webapp/apache-tomcat-11.0.0-M19/temp
04-May-2024 12:16:52.139 INFO [main] org.apache.catalina.core.AprLifecycleListener.lifecycleEvent The Apache Tomcat Native library which allows using OpenSSL was not found on the java.library.path: [/Users/pnoush/Library/Java/Extensions:/Library/Java/Extensions:/Network/Library/Java/Extensions:/System/Library/Java/Extensions:/usr/lib/java:.]
04-May-2024 12:16:52.246 INFO [main] org.apache.coyote.AbstractProtocol.init Initializing ProtocolHandler ["http-nio-8080"]
04-May-2024 12:16:52.261 INFO [main] org.apache.catalina.startup.Catalina.load Server initialization in [209] milliseconds
04-May-2024 12:16:52.285 INFO [main] org.apache.catalina.core.StandardService.startInternal Starting service [Catalina]
04-May-2024 12:16:52.285 INFO [main] org.apache.catalina.core.StandardEngine.startInternal Starting Servlet engine: [Apache Tomcat/11.0.0-M19]
04-May-2024 12:16:52.291 INFO [main] org.apache.catalina.startup.HostConfig.deployWAR Deploying web application archive [/Users/pnoush/Downloads/my-webapp/apache-tomcat-11.0.0-M19/webapps/my-webapp.war]
04-May-2024 12:16:52.412 INFO [main] org.apache.catalina.startup.HostConfig.deployWAR Deployment of web application archive [/Users/pnoush/Downloads/my-webapp/apache-tomcat-11.0.0-M19/webapps/my-webapp.war] has finished in [120] ms
04-May-2024 12:16:52.412 INFO [main] org.apache.catalina.startup.HostConfig.deployDirectory Deploying web application directory [/Users/pnoush/Downloads/my-webapp/apache-tomcat-11.0.0-M19/webapps/docs]
04-May-2024 12:16:52.421 INFO [main] org.apache.catalina.startup.HostConfig.deployDirectory Deployment of web application directory [/Users/pnoush/Downloads/my-webapp/apache-tomcat-11.0.0-M19/webapps/docs] has finished in [9] ms
04-May-2024 12:16:52.421 INFO [main] org.apache.catalina.startup.HostConfig.deployDirectory Deploying web application directory [/Users/pnoush/Downloads/my-webapp/apache-tomcat-11.0.0-M19/webapps/manager]
04-May-2024 12:16:52.433 INFO [main] org.apache.catalina.startup.HostConfig.deployDirectory Deployment of web application directory [/Users/pnoush/Downloads/my-webapp/apache-tomcat-11.0.0-M19/webapps/manager] has finished in [11] ms
04-May-2024 12:16:52.433 INFO [main] org.apache.catalina.startup.HostConfig.deployDirectory Deploying web application directory [/Users/pnoush/Downloads/my-webapp/apache-tomcat-11.0.0-M19/webapps/examples]
04-May-2024 12:16:52.535 INFO [main] org.apache.catalina.startup.HostConfig.deployDirectory Deployment of web application directory [/Users/pnoush/Downloads/my-webapp/apache-tomcat-11.0.0-M19/webapps/examples] has finished in [102] ms
04-May-2024 12:16:52.535 INFO [main] org.apache.catalina.startup.HostConfig.deployDirectory Deploying web application directory [/Users/pnoush/Downloads/my-webapp/apache-tomcat-11.0.0-M19/webapps/ROOT]
04-May-2024 12:16:52.541 INFO [main] org.apache.catalina.startup.HostConfig.deployDirectory Deployment of web application directory [/Users/pnoush/Downloads/my-webapp/apache-tomcat-11.0.0-M19/webapps/ROOT] has finished in [6] ms
04-May-2024 12:16:52.541 INFO [main] org.apache.catalina.startup.HostConfig.deployDirectory Deploying web application directory [/Users/pnoush/Downloads/my-webapp/apache-tomcat-11.0.0-M19/webapps/host-manager]
04-May-2024 12:16:52.548 INFO [main] org.apache.catalina.startup.HostConfig.deployDirectory Deployment of web application directory [/Users/pnoush/Downloads/my-webapp/apache-tomcat-11.0.0-M19/webapps/host-manager] has finished in [7] ms
04-May-2024 12:16:52.550 INFO [main] org.apache.coyote.AbstractProtocol.start Starting ProtocolHandler ["http-nio-8080"]
04-May-2024 12:16:52.555 INFO [main] org.apache.catalina.startup.Catalina.start Server startup in [293] milliseconds
04-May-2024 12:18:10.387 INFO [main] org.apache.catalina.core.StandardServer.await A valid shutdown command was received via the shutdown port. Stopping the Server instance.
04-May-2024 12:18:10.388 INFO [main] org.apache.coyote.AbstractProtocol.pause Pausing ProtocolHandler ["http-nio-8080"]
04-May-2024 12:18:10.391 INFO [main] org.apache.catalina.core.StandardService.stopInternal Stopping service [Catalina]
04-May-2024 12:18:10.407 INFO [main] org.apache.coyote.AbstractProtocol.stop Stopping ProtocolHandler ["http-nio-8080"]
04-May-2024 12:18:10.416 INFO [main] org.apache.coyote.AbstractProtocol.destroy Destroying ProtocolHandler ["http-nio-8080"]
04-May-2024 12:18:11.925 INFO [main] org.apache.catalina.startup.VersionLoggerListener.log Server version name:   Apache Tomcat/11.0.0-M19
04-May-2024 12:18:11.927 INFO [main] org.apache.catalina.startup.VersionLoggerListener.log Server built:          Apr 9 2024 12:06:10 UTC
04-May-2024 12:18:11.927 INFO [main] org.apache.catalina.startup.VersionLoggerListener.log Server version number: 11.0.0.0
04-May-2024 12:18:11.927 INFO [main] org.apache.catalina.startup.VersionLoggerListener.log OS Name:               Mac OS X
04-May-2024 12:18:11.927 INFO [main] org.apache.catalina.startup.VersionLoggerListener.log OS Version:            14.3.1
04-May-2024 12:18:11.928 INFO [main] org.apache.catalina.startup.VersionLoggerListener.log Architecture:          aarch64
04-May-2024 12:18:11.928 INFO [main] org.apache.catalina.startup.VersionLoggerListener.log Java Home:             /Library/Java/JavaVirtualMachines/jdk-17.jdk/Contents/Home
04-May-2024 12:18:11.928 INFO [main] org.apache.catalina.startup.VersionLoggerListener.log JVM Version:           17.0.7+8-LTS-224
04-May-2024 12:18:11.928 INFO [main] org.apache.catalina.startup.VersionLoggerListener.log JVM Vendor:            Oracle Corporation
04-May-2024 12:18:11.928 INFO [main] org.apache.catalina.startup.VersionLoggerListener.log CATALINA_BASE:         /Users/pnoush/Downloads/my-webapp/apache-tomcat-11.0.0-M19
04-May-2024 12:18:11.928 INFO [main] org.apache.catalina.startup.VersionLoggerListener.log CATALINA_HOME:         /Users/pnoush/Downloads/my-webapp/apache-tomcat-11.0.0-M19
04-May-2024 12:18:11.939 INFO [main] org.apache.catalina.startup.VersionLoggerListener.log Command line argument: -Djava.util.logging.config.file=/Users/pnoush/Downloads/my-webapp/apache-tomcat-11.0.0-M19/conf/logging.properties
04-May-2024 12:18:11.939 INFO [main] org.apache.catalina.startup.VersionLoggerListener.log Command line argument: -Djava.util.logging.manager=org.apache.juli.ClassLoaderLogManager
04-May-2024 12:18:11.940 INFO [main] org.apache.catalina.startup.VersionLoggerListener.log Command line argument: -Djdk.tls.ephemeralDHKeySize=2048
04-May-2024 12:18:11.940 INFO [main] org.apache.catalina.startup.VersionLoggerListener.log Command line argument: -Dorg.apache.catalina.security.SecurityListener.UMASK=0027
04-May-2024 12:18:11.940 INFO [main] org.apache.catalina.startup.VersionLoggerListener.log Command line argument: --add-opens=java.base/java.lang=ALL-UNNAMED
04-May-2024 12:18:11.940 INFO [main] org.apache.catalina.startup.VersionLoggerListener.log Command line argument: --add-opens=java.base/java.io=ALL-UNNAMED
04-May-2024 12:18:11.940 INFO [main] org.apache.catalina.startup.VersionLoggerListener.log Command line argument: --add-opens=java.base/java.util=ALL-UNNAMED
04-May-2024 12:18:11.940 INFO [main] org.apache.catalina.startup.VersionLoggerListener.log Command line argument: --add-opens=java.base/java.util.concurrent=ALL-UNNAMED
04-May-2024 12:18:11.940 INFO [main] org.apache.catalina.startup.VersionLoggerListener.log Command line argument: --add-opens=java.rmi/sun.rmi.transport=ALL-UNNAMED
04-May-2024 12:18:11.940 INFO [main] org.apache.catalina.startup.VersionLoggerListener.log Command line argument: --enable-native-access=ALL-UNNAMED
04-May-2024 12:18:11.940 INFO [main] org.apache.catalina.startup.VersionLoggerListener.log Command line argument: -Dcatalina.base=/Users/pnoush/Downloads/my-webapp/apache-tomcat-11.0.0-M19
04-May-2024 12:18:11.940 INFO [main] org.apache.catalina.startup.VersionLoggerListener.log Command line argument: -Dcatalina.home=/Users/pnoush/Downloads/my-webapp/apache-tomcat-11.0.0-M19
04-May-2024 12:18:11.940 INFO [main] org.apache.catalina.startup.VersionLoggerListener.log Command line argument: -Djava.io.tmpdir=/Users/pnoush/Downloads/my-webapp/apache-tomcat-11.0.0-M19/temp
04-May-2024 12:18:11.944 INFO [main] org.apache.catalina.core.AprLifecycleListener.lifecycleEvent The Apache Tomcat Native library which allows using OpenSSL was not found on the java.library.path: [/Users/pnoush/Library/Java/Extensions:/Library/Java/Extensions:/Network/Library/Java/Extensions:/System/Library/Java/Extensions:/usr/lib/java:.]
04-May-2024 12:18:12.063 INFO [main] org.apache.coyote.AbstractProtocol.init Initializing ProtocolHandler ["http-nio-8080"]
04-May-2024 12:18:12.077 INFO [main] org.apache.catalina.startup.Catalina.load Server initialization in [242] milliseconds
04-May-2024 12:18:12.096 INFO [main] org.apache.catalina.core.StandardService.startInternal Starting service [Catalina]
04-May-2024 12:18:12.096 INFO [main] org.apache.catalina.core.StandardEngine.startInternal Starting Servlet engine: [Apache Tomcat/11.0.0-M19]
04-May-2024 12:18:12.102 INFO [main] org.apache.catalina.startup.HostConfig.deployWAR Deploying web application archive [/Users/pnoush/Downloads/my-webapp/apache-tomcat-11.0.0-M19/webapps/my-webapp.war]
04-May-2024 12:18:12.277 INFO [main] org.apache.catalina.startup.HostConfig.deployWAR Deployment of web application archive [/Users/pnoush/Downloads/my-webapp/apache-tomcat-11.0.0-M19/webapps/my-webapp.war] has finished in [174] ms
04-May-2024 12:18:12.277 INFO [main] org.apache.catalina.startup.HostConfig.deployDirectory Deploying web application directory [/Users/pnoush/Downloads/my-webapp/apache-tomcat-11.0.0-M19/webapps/docs]
04-May-2024 12:18:12.290 INFO [main] org.apache.catalina.startup.HostConfig.deployDirectory Deployment of web application directory [/Users/pnoush/Downloads/my-webapp/apache-tomcat-11.0.0-M19/webapps/docs] has finished in [13] ms
04-May-2024 12:18:12.290 INFO [main] org.apache.catalina.startup.HostConfig.deployDirectory Deploying web application directory [/Users/pnoush/Downloads/my-webapp/apache-tomcat-11.0.0-M19/webapps/manager]
04-May-2024 12:18:12.306 INFO [main] org.apache.catalina.startup.HostConfig.deployDirectory Deployment of web application directory [/Users/pnoush/Downloads/my-webapp/apache-tomcat-11.0.0-M19/webapps/manager] has finished in [16] ms
04-May-2024 12:18:12.306 INFO [main] org.apache.catalina.startup.HostConfig.deployDirectory Deploying web application directory [/Users/pnoush/Downloads/my-webapp/apache-tomcat-11.0.0-M19/webapps/examples]
04-May-2024 12:18:12.426 INFO [main] org.apache.catalina.startup.HostConfig.deployDirectory Deployment of web application directory [/Users/pnoush/Downloads/my-webapp/apache-tomcat-11.0.0-M19/webapps/examples] has finished in [120] ms
04-May-2024 12:18:12.426 INFO [main] org.apache.catalina.startup.HostConfig.deployDirectory Deploying web application directory [/Users/pnoush/Downloads/my-webapp/apache-tomcat-11.0.0-M19/webapps/ROOT]
04-May-2024 12:18:12.432 INFO [main] org.apache.catalina.startup.HostConfig.deployDirectory Deployment of web application directory [/Users/pnoush/Downloads/my-webapp/apache-tomcat-11.0.0-M19/webapps/ROOT] has finished in [6] ms
04-May-2024 12:18:12.432 INFO [main] org.apache.catalina.startup.HostConfig.deployDirectory Deploying web application directory [/Users/pnoush/Downloads/my-webapp/apache-tomcat-11.0.0-M19/webapps/host-manager]
04-May-2024 12:18:12.439 INFO [main] org.apache.catalina.startup.HostConfig.deployDirectory Deployment of web application directory [/Users/pnoush/Downloads/my-webapp/apache-tomcat-11.0.0-M19/webapps/host-manager] has finished in [7] ms
04-May-2024 12:18:12.441 INFO [main] org.apache.coyote.AbstractProtocol.start Starting ProtocolHandler ["http-nio-8080"]
04-May-2024 12:18:12.446 INFO [main] org.apache.catalina.startup.Catalina.start Server startup in [369] milliseconds
