05-May-2024 11:35:40.258 INFO [main] org.apache.catalina.core.ApplicationContext.log ContextListener: contextInitialized()
05-May-2024 11:35:40.258 INFO [main] org.apache.catalina.core.ApplicationContext.log SessionListener: contextInitialized()
05-May-2024 11:35:40.259 INFO [main] org.apache.catalina.core.ApplicationContext.log ContextListener: attributeAdded('StockTicker', 'async.Stockticker@19fe4644')
05-May-2024 11:35:40.293 INFO [main] org.apache.catalina.core.ApplicationContext.log SessionListener: contextDestroyed()
05-May-2024 11:35:40.293 INFO [main] org.apache.catalina.core.ApplicationContext.log ContextListener: contextDestroyed()
05-May-2024 11:44:15.103 INFO [main] org.apache.catalina.core.ApplicationContext.log SessionListener: contextDestroyed()
05-May-2024 11:44:15.103 INFO [main] org.apache.catalina.core.ApplicationContext.log ContextListener: contextDestroyed()
05-May-2024 11:46:52.296 INFO [main] org.apache.catalina.core.ApplicationContext.log ContextListener: contextInitialized()
05-May-2024 11:46:52.296 INFO [main] org.apache.catalina.core.ApplicationContext.log SessionListener: contextInitialized()
05-May-2024 11:46:52.296 INFO [main] org.apache.catalina.core.ApplicationContext.log ContextListener: attributeAdded('StockTicker', 'async.Stockticker@b40bb6e')
05-May-2024 11:48:32.412 INFO [main] org.apache.catalina.core.ApplicationContext.log SessionListener: contextDestroyed()
05-May-2024 11:48:32.412 INFO [main] org.apache.catalina.core.ApplicationContext.log ContextListener: contextDestroyed()
05-May-2024 11:50:13.093 INFO [main] org.apache.catalina.core.ApplicationContext.log ContextListener: contextInitialized()
05-May-2024 11:50:13.093 INFO [main] org.apache.catalina.core.ApplicationContext.log SessionListener: contextInitialized()
05-May-2024 11:50:13.094 INFO [main] org.apache.catalina.core.ApplicationContext.log ContextListener: attributeAdded('StockTicker', 'async.Stockticker@bcec031')
05-May-2024 12:01:43.877 INFO [main] org.apache.catalina.core.ApplicationContext.log SessionListener: contextDestroyed()
05-May-2024 12:01:43.877 INFO [main] org.apache.catalina.core.ApplicationContext.log ContextListener: contextDestroyed()
05-May-2024 12:01:45.475 INFO [main] org.apache.catalina.core.ApplicationContext.log ContextListener: contextInitialized()
05-May-2024 12:01:45.475 INFO [main] org.apache.catalina.core.ApplicationContext.log SessionListener: contextInitialized()
05-May-2024 12:01:45.476 INFO [main] org.apache.catalina.core.ApplicationContext.log ContextListener: attributeAdded('StockTicker', 'async.Stockticker@4ae33a11')
05-May-2024 12:01:59.311 INFO [main] org.apache.catalina.core.ApplicationContext.log SessionListener: contextDestroyed()
05-May-2024 12:01:59.311 INFO [main] org.apache.catalina.core.ApplicationContext.log ContextListener: contextDestroyed()
05-May-2024 12:03:19.573 INFO [main] org.apache.catalina.core.ApplicationContext.log ContextListener: contextInitialized()
05-May-2024 12:03:19.573 INFO [main] org.apache.catalina.core.ApplicationContext.log SessionListener: contextInitialized()
05-May-2024 12:03:19.573 INFO [main] org.apache.catalina.core.ApplicationContext.log ContextListener: attributeAdded('StockTicker', 'async.Stockticker@5049d8b2')
05-May-2024 12:04:28.436 INFO [main] org.apache.catalina.core.ApplicationContext.log SessionListener: contextDestroyed()
05-May-2024 12:04:28.436 INFO [main] org.apache.catalina.core.ApplicationContext.log ContextListener: contextDestroyed()
05-May-2024 12:04:31.109 INFO [main] org.apache.catalina.core.ApplicationContext.log ContextListener: contextInitialized()
05-May-2024 12:04:31.109 INFO [main] org.apache.catalina.core.ApplicationContext.log SessionListener: contextInitialized()
05-May-2024 12:04:31.110 INFO [main] org.apache.catalina.core.ApplicationContext.log ContextListener: attributeAdded('StockTicker', 'async.Stockticker@b40bb6e')
05-May-2024 12:06:54.884 INFO [main] org.apache.catalina.core.ApplicationContext.log SessionListener: contextDestroyed()
05-May-2024 12:06:54.884 INFO [main] org.apache.catalina.core.ApplicationContext.log ContextListener: contextDestroyed()
05-May-2024 12:07:09.526 INFO [main] org.apache.catalina.core.ApplicationContext.log ContextListener: contextInitialized()
05-May-2024 12:07:09.527 INFO [main] org.apache.catalina.core.ApplicationContext.log SessionListener: contextInitialized()
05-May-2024 12:07:09.527 INFO [main] org.apache.catalina.core.ApplicationContext.log ContextListener: attributeAdded('StockTicker', 'async.Stockticker@24faea88')
05-May-2024 12:13:12.445 INFO [main] org.apache.catalina.core.ApplicationContext.log SessionListener: contextDestroyed()
05-May-2024 12:13:12.445 INFO [main] org.apache.catalina.core.ApplicationContext.log ContextListener: contextDestroyed()
05-May-2024 12:13:14.227 INFO [main] org.apache.catalina.core.ApplicationContext.log ContextListener: contextInitialized()
05-May-2024 12:13:14.227 INFO [main] org.apache.catalina.core.ApplicationContext.log SessionListener: contextInitialized()
05-May-2024 12:13:14.228 INFO [main] org.apache.catalina.core.ApplicationContext.log ContextListener: attributeAdded('StockTicker', 'async.Stockticker@3a94964')
05-May-2024 12:13:55.421 INFO [main] org.apache.catalina.core.ApplicationContext.log SessionListener: contextDestroyed()
05-May-2024 12:13:55.421 INFO [main] org.apache.catalina.core.ApplicationContext.log ContextListener: contextDestroyed()
05-May-2024 12:14:27.670 INFO [main] org.apache.catalina.core.ApplicationContext.log ContextListener: contextInitialized()
05-May-2024 12:14:27.670 INFO [main] org.apache.catalina.core.ApplicationContext.log SessionListener: contextInitialized()
05-May-2024 12:14:27.671 INFO [main] org.apache.catalina.core.ApplicationContext.log ContextListener: attributeAdded('StockTicker', 'async.Stockticker@3a320ade')
05-May-2024 12:25:03.169 INFO [main] org.apache.catalina.core.ApplicationContext.log SessionListener: contextDestroyed()
05-May-2024 12:25:03.169 INFO [main] org.apache.catalina.core.ApplicationContext.log ContextListener: contextDestroyed()
05-May-2024 12:25:05.003 INFO [main] org.apache.catalina.core.ApplicationContext.log ContextListener: contextInitialized()
05-May-2024 12:25:05.003 INFO [main] org.apache.catalina.core.ApplicationContext.log SessionListener: contextInitialized()
05-May-2024 12:25:05.003 INFO [main] org.apache.catalina.core.ApplicationContext.log ContextListener: attributeAdded('StockTicker', 'async.Stockticker@b40bb6e')
05-May-2024 12:36:12.904 INFO [main] org.apache.catalina.core.ApplicationContext.log SessionListener: contextDestroyed()
05-May-2024 12:36:12.904 INFO [main] org.apache.catalina.core.ApplicationContext.log ContextListener: contextDestroyed()
05-May-2024 12:36:14.440 INFO [main] org.apache.catalina.core.ApplicationContext.log ContextListener: contextInitialized()
05-May-2024 12:36:14.440 INFO [main] org.apache.catalina.core.ApplicationContext.log SessionListener: contextInitialized()
05-May-2024 12:36:14.440 INFO [main] org.apache.catalina.core.ApplicationContext.log ContextListener: attributeAdded('StockTicker', 'async.Stockticker@5049d8b2')
05-May-2024 12:39:41.479 INFO [main] org.apache.catalina.core.ApplicationContext.log SessionListener: contextDestroyed()
05-May-2024 12:39:41.479 INFO [main] org.apache.catalina.core.ApplicationContext.log ContextListener: contextDestroyed()
05-May-2024 12:44:52.167 INFO [main] org.apache.catalina.core.ApplicationContext.log ContextListener: contextInitialized()
05-May-2024 12:44:52.167 INFO [main] org.apache.catalina.core.ApplicationContext.log SessionListener: contextInitialized()
05-May-2024 12:44:52.167 INFO [main] org.apache.catalina.core.ApplicationContext.log ContextListener: attributeAdded('StockTicker', 'async.Stockticker@b40bb6e')
05-May-2024 12:51:33.159 INFO [main] org.apache.catalina.core.ApplicationContext.log SessionListener: contextDestroyed()
05-May-2024 12:51:33.159 INFO [main] org.apache.catalina.core.ApplicationContext.log ContextListener: contextDestroyed()
05-May-2024 12:54:52.298 INFO [main] org.apache.catalina.core.ApplicationContext.log ContextListener: contextInitialized()
05-May-2024 12:54:52.298 INFO [main] org.apache.catalina.core.ApplicationContext.log SessionListener: contextInitialized()
05-May-2024 12:54:52.299 INFO [main] org.apache.catalina.core.ApplicationContext.log ContextListener: attributeAdded('StockTicker', 'async.Stockticker@5049d8b2')
05-May-2024 12:56:52.908 INFO [main] org.apache.catalina.core.ApplicationContext.log SessionListener: contextDestroyed()
05-May-2024 12:56:52.908 INFO [main] org.apache.catalina.core.ApplicationContext.log ContextListener: contextDestroyed()
